<?xml version="1.0" encoding="UTF-8"?>
<!-- Generated by org.testng.reporters.JUnitXMLReporter -->
<testsuite ignored="0" hostname="LTIN617472" failures="0" tests="7" name="chromeTest" time="45.159" errors="0" timestamp="2025-06-24T10:53:07 IST">
  <testcase classname="testCases.WashingMachineSearch" name="searchWashingMachine" time="4.173"/>
  <testcase classname="testCases.WashingMachineSearch" name="sortPriceLowToHigh" time="1.731"/>
  <testcase classname="testCases.WashingMachineSearch" name="applyFilters" time="17.2"/>
  <testcase classname="testCases.WashingMachineSearch" name="addFirstItemToCart" time="0.745"/>
  <testcase classname="testCases.WashingMachineSearch" name="goToCart" time="2.859"/>
  <testcase classname="testCases.WashingMachineSearch" name="increaseQuantity" time="1.876"/>
  <testcase classname="testCases.WashingMachineSearch" name="goBack" time="2.221"/>
</testsuite> <!-- chromeTest -->
