<?xml version="1.0" encoding="UTF-8"?>
<!-- Generated by org.testng.reporters.JUnitXMLReporter -->
<testsuite ignored="0" hostname="LTIN617472" failures="0" tests="7" name="edgeTest" time="41.21" errors="0" timestamp="2025-06-24T10:53:48 IST">
  <testcase classname="testCases.WashingMachineSearch" name="searchWashingMachine" time="5.288"/>
  <testcase classname="testCases.WashingMachineSearch" name="sortPriceLowToHigh" time="2.553"/>
  <testcase classname="testCases.WashingMachineSearch" name="applyFilters" time="17.25"/>
  <testcase classname="testCases.WashingMachineSearch" name="addFirstItemToCart" time="0.868"/>
  <testcase classname="testCases.WashingMachineSearch" name="goToCart" time="2.392"/>
  <testcase classname="testCases.WashingMachineSearch" name="increaseQuantity" time="1.351"/>
  <testcase classname="testCases.WashingMachineSearch" name="goBack" time="1.754"/>
</testsuite> <!-- edgeTest -->
