<?xml version="1.0" encoding="UTF-8"?>
<!-- Generated by org.testng.reporters.JUnitXMLReporter -->
<testsuite ignored="0" hostname="LTIN617472" failures="0" tests="7" name="chromeTest" time="27.748" errors="0" timestamp="2025-06-26T11:37:41 IST">
  <testcase classname="testCases.WashingMachineSearch" name="searchWashingMachine" time="3.055"/>
  <testcase classname="testCases.WashingMachineSearch" name="sortPriceLowToHigh" time="1.58"/>
  <testcase classname="testCases.WashingMachineSearch" name="applyFilters" time="12.254"/>
  <testcase classname="testCases.WashingMachineSearch" name="addFirstItemToCart" time="0.671"/>
  <testcase classname="testCases.WashingMachineSearch" name="goToCart" time="1.887"/>
  <testcase classname="testCases.WashingMachineSearch" name="increaseQuantity" time="1.117"/>
  <testcase classname="testCases.WashingMachineSearch" name="goBack" time="1.364"/>
</testsuite> <!-- chromeTest -->
