<?xml version="1.0" encoding="UTF-8"?>
<!-- Generated by org.testng.reporters.JUnitXMLReporter -->
<testsuite ignored="0" hostname="LTIN617472" failures="0" tests="7" name="edgeTest" time="26.785" errors="0" timestamp="2025-06-26T11:38:08 IST">
  <testcase classname="testCases.WashingMachineSearch" name="searchWashingMachine" time="3.831"/>
  <testcase classname="testCases.WashingMachineSearch" name="sortPriceLowToHigh" time="1.625"/>
  <testcase classname="testCases.WashingMachineSearch" name="applyFilters" time="9.485"/>
  <testcase classname="testCases.WashingMachineSearch" name="addFirstItemToCart" time="0.637"/>
  <testcase classname="testCases.WashingMachineSearch" name="goToCart" time="2.391"/>
  <testcase classname="testCases.WashingMachineSearch" name="increaseQuantity" time="1.108"/>
  <testcase classname="testCases.WashingMachineSearch" name="goBack" time="1.098"/>
</testsuite> <!-- edgeTest -->
